<?xml version="1.0" encoding="utf-8"?><testsuites name="pytest tests"><testsuite name="pytest" errors="0" failures="0" skipped="0" tests="22" time="4.476" timestamp="2026-04-25T17:12:12.895041+00:00" hostname="agent-env-46794691-3b32-4314-9d47-290282553566"><testcase classname="backend.tests.test_colours_api.TestAuth" name="test_login_admin" time="0.775" /><testcase classname="backend.tests.test_colours_api.TestAuth" name="test_login_invalid" time="0.380" /><testcase classname="backend.tests.test_colours_api.TestAuth" name="test_me_with_bearer" time="0.413" /><testcase classname="backend.tests.test_colours_api.TestAuth" name="test_me_without_token" time="0.048" /><testcase classname="backend.tests.test_colours_api.TestAuth" name="test_register_duplicate" time="0.420" /><testcase classname="backend.tests.test_colours_api.TestPublic" name="test_services_seeded" time="0.054" /><testcase classname="backend.tests.test_colours_api.TestPublic" name="test_categories_only_allowed" time="0.050" /><testcase classname="backend.tests.test_colours_api.TestPublic" name="test_professionals_seeded" time="0.092" /><testcase classname="backend.tests.test_colours_api.TestPublic" name="test_promos_active" time="0.051" /><testcase classname="backend.tests.test_colours_api.TestAdminEnforcement" name="test_create_service_no_token" time="0.048" /><testcase classname="backend.tests.test_colours_api.TestAdminEnforcement" name="test_create_service_user_token" time="0.052" /><testcase classname="backend.tests.test_colours_api.TestAdminEnforcement" name="test_create_service_admin_ok" time="0.153" /><testcase classname="backend.tests.test_colours_api.TestPromoValidate" name="test_valid_code" time="0.055" /><testcase classname="backend.tests.test_colours_api.TestPromoValidate" name="test_lowercase_code" time="0.055" /><testcase classname="backend.tests.test_colours_api.TestPromoValidate" name="test_invalid_code" time="0.054" /><testcase classname="backend.tests.test_colours_api.TestBooking" name="test_full_booking_flow" time="0.328" /><testcase classname="backend.tests.test_colours_api.TestBooking" name="test_admin_bookings_user_forbidden" time="0.052" /><testcase classname="backend.tests.test_colours_api.TestBooking" name="test_booking_invalid_service" time="0.055" /><testcase classname="backend.tests.test_colours_api.TestPayment" name="test_payment_success" time="0.053" /><testcase classname="backend.tests.test_colours_api.TestRevenue" name="test_create_and_dashboard" time="0.246" /><testcase classname="backend.tests.test_colours_api.TestRating" name="test_rate_pro" time="0.100" /><testcase classname="backend.tests.test_colours_api.TestPromoCRUD" name="test_admin_create_list_delete" time="0.231" /></testsuite></testsuites>